2024-07-27 22:47:42 - Starting PaymentGatewayApplication using Java 21.0.2 with PID 8775 (/Users/adedolapoadeleye/IdeaProjects/PaymentGateway/target/classes started by adedolapoadeleye in /Users/adedolapoadeleye/IdeaProjects/PaymentGateway)
2024-07-27 22:47:42 - No active profile set, falling back to 1 default profile: "default"
2024-07-27 22:47:42 - Bootstrapping Spring Data JPA repositories in DEFAULT mode.
2024-07-27 22:47:42 - Finished Spring Data repository scanning in 56 ms. Found 1 JPA repository interface.
2024-07-27 22:47:43 - Tomcat initialized with port 8080 (http)
2024-07-27 22:47:43 - Initializing ProtocolHandler ["http-nio-8080"]
2024-07-27 22:47:43 - Starting service [Tomcat]
2024-07-27 22:47:43 - Starting Servlet engine: [Apache Tomcat/10.1.26]
2024-07-27 22:47:43 - Initializing Spring embedded WebApplicationContext
2024-07-27 22:47:43 - Root WebApplicationContext: initialization completed in 1183 ms
2024-07-27 22:47:43 - HikariPool-1 - Starting...
2024-07-27 22:47:43 - HikariPool-1 - Added connection conn0: url=jdbc:h2:mem:df927b88-54d3-4ca7-b98b-51f31fdbea04 user=SA
2024-07-27 22:47:43 - HikariPool-1 - Start completed.
2024-07-27 22:47:43 - HHH000204: Processing PersistenceUnitInfo [name: default]
2024-07-27 22:47:43 - HHH000412: Hibernate ORM core version 6.5.2.Final
2024-07-27 22:47:43 - HHH000026: Second-level cache disabled
2024-07-27 22:47:44 - No LoadTimeWeaver setup: ignoring JPA class transformer
2024-07-27 22:47:44 - HHH000489: No JTA platform available (set 'hibernate.transaction.jta.platform' to enable JTA platform integration)
2024-07-27 22:47:44 - Initialized JPA EntityManagerFactory for persistence unit 'default'
2024-07-27 22:47:45 - spring.jpa.open-in-view is enabled by default. Therefore, database queries may be performed during view rendering. Explicitly configure spring.jpa.open-in-view to disable this warning
2024-07-27 22:47:45 - 

Using generated security password: f6085848-71f2-4c53-bd57-dfebd1b05cdb

This generated password is for development use only. Your security configuration must be updated before running your application in production.

2024-07-27 22:47:45 - Global AuthenticationManager configured with UserDetailsService bean with name inMemoryUserDetailsManager
2024-07-27 22:47:45 - Starting ProtocolHandler ["http-nio-8080"]
2024-07-27 22:47:45 - Tomcat started on port 8080 (http) with context path '/'
2024-07-27 22:47:45 - Started PaymentGatewayApplication in 4.27 seconds (process running for 4.962)
2024-07-27 22:53:09 - Closing JPA EntityManagerFactory for persistence unit 'default'
2024-07-27 22:53:09 - HikariPool-1 - Shutdown initiated...
2024-07-27 22:53:09 - HikariPool-1 - Shutdown completed.
2024-07-27 22:53:13 - Starting PaymentGatewayApplication using Java 21.0.2 with PID 8863 (/Users/adedolapoadeleye/IdeaProjects/PaymentGateway/target/classes started by adedolapoadeleye in /Users/adedolapoadeleye/IdeaProjects/PaymentGateway)
2024-07-27 22:53:13 - No active profile set, falling back to 1 default profile: "default"
2024-07-27 22:53:14 - Bootstrapping Spring Data JPA repositories in DEFAULT mode.
2024-07-27 22:53:14 - Finished Spring Data repository scanning in 46 ms. Found 1 JPA repository interface.
2024-07-27 22:53:14 - Tomcat initialized with port 8080 (http)
2024-07-27 22:53:14 - Initializing ProtocolHandler ["http-nio-8080"]
2024-07-27 22:53:14 - Starting service [Tomcat]
2024-07-27 22:53:14 - Starting Servlet engine: [Apache Tomcat/10.1.26]
2024-07-27 22:53:14 - Initializing Spring embedded WebApplicationContext
2024-07-27 22:53:14 - Root WebApplicationContext: initialization completed in 1228 ms
2024-07-27 22:53:14 - HikariPool-1 - Starting...
2024-07-27 22:53:15 - HikariPool-1 - Added connection conn0: url=jdbc:h2:mem:39820118-48c2-4b78-ae0c-a0dfa753adb8 user=SA
2024-07-27 22:53:15 - HikariPool-1 - Start completed.
2024-07-27 22:53:15 - HHH000204: Processing PersistenceUnitInfo [name: default]
2024-07-27 22:53:15 - HHH000412: Hibernate ORM core version 6.5.2.Final
2024-07-27 22:53:15 - HHH000026: Second-level cache disabled
2024-07-27 22:53:15 - No LoadTimeWeaver setup: ignoring JPA class transformer
2024-07-27 22:53:16 - HHH000489: No JTA platform available (set 'hibernate.transaction.jta.platform' to enable JTA platform integration)
2024-07-27 22:53:16 - Initialized JPA EntityManagerFactory for persistence unit 'default'
2024-07-27 22:53:16 - spring.jpa.open-in-view is enabled by default. Therefore, database queries may be performed during view rendering. Explicitly configure spring.jpa.open-in-view to disable this warning
2024-07-27 22:53:16 - Global AuthenticationManager configured with UserDetailsService bean with name userDetailsService
2024-07-27 22:53:17 - Starting ProtocolHandler ["http-nio-8080"]
2024-07-27 22:53:17 - Tomcat started on port 8080 (http) with context path '/'
2024-07-27 22:53:17 - Started PaymentGatewayApplication in 4.227 seconds (process running for 5.08)
2024-07-27 23:01:15 - HikariPool-1 - Retrograde clock change detected (housekeeper delta=29s870ms), soft-evicting connections from pool.
2024-07-27 23:14:56 - Closing JPA EntityManagerFactory for persistence unit 'default'
2024-07-27 23:14:56 - HikariPool-1 - Shutdown initiated...
2024-07-27 23:14:56 - HikariPool-1 - Shutdown completed.
2024-07-27 23:15:03 - HV000001: Hibernate Validator 8.0.1.Final
2024-07-27 23:15:03 - Starting PaymentGatewayApplication using Java 21.0.2 with PID 9180 (/Users/adedolapoadeleye/IdeaProjects/PaymentGateway/target/classes started by adedolapoadeleye in /Users/adedolapoadeleye/IdeaProjects/PaymentGateway)
2024-07-27 23:15:03 - No active profile set, falling back to 1 default profile: "default"
2024-07-27 23:15:04 - Bootstrapping Spring Data JPA repositories in DEFAULT mode.
2024-07-27 23:15:04 - Finished Spring Data repository scanning in 43 ms. Found 1 JPA repository interface.
2024-07-27 23:15:04 - Tomcat initialized with port 8080 (http)
2024-07-27 23:15:04 - Initializing ProtocolHandler ["http-nio-8080"]
2024-07-27 23:15:04 - Starting service [Tomcat]
2024-07-27 23:15:04 - Starting Servlet engine: [Apache Tomcat/10.1.26]
2024-07-27 23:15:04 - Initializing Spring embedded WebApplicationContext
2024-07-27 23:15:04 - Root WebApplicationContext: initialization completed in 1296 ms
2024-07-27 23:15:04 - HikariPool-1 - Starting...
2024-07-27 23:15:05 - HikariPool-1 - Added connection conn0: url=jdbc:h2:mem:2abd85f6-c64c-46e3-be0e-1b79eb1fb703 user=SA
2024-07-27 23:15:05 - HikariPool-1 - Start completed.
2024-07-27 23:15:05 - HHH000204: Processing PersistenceUnitInfo [name: default]
2024-07-27 23:15:05 - HHH000412: Hibernate ORM core version 6.5.2.Final
2024-07-27 23:15:05 - HHH000026: Second-level cache disabled
2024-07-27 23:15:05 - No LoadTimeWeaver setup: ignoring JPA class transformer
2024-07-27 23:15:06 - HHH000489: No JTA platform available (set 'hibernate.transaction.jta.platform' to enable JTA platform integration)
2024-07-27 23:15:06 - Initialized JPA EntityManagerFactory for persistence unit 'default'
2024-07-27 23:15:06 - spring.jpa.open-in-view is enabled by default. Therefore, database queries may be performed during view rendering. Explicitly configure spring.jpa.open-in-view to disable this warning
2024-07-27 23:15:07 - 

Using generated security password: 44941268-3292-4bf1-9243-3801627b8043

This generated password is for development use only. Your security configuration must be updated before running your application in production.

2024-07-27 23:15:07 - Global AuthenticationManager configured with UserDetailsService bean with name inMemoryUserDetailsManager
2024-07-27 23:15:07 - Starting ProtocolHandler ["http-nio-8080"]
2024-07-27 23:15:07 - Tomcat started on port 8080 (http) with context path '/'
2024-07-27 23:15:07 - Started PaymentGatewayApplication in 4.947 seconds (process running for 5.688)
